
> proyecto@1.0.0 frontend:dev
> vite --host 0.0.0.0


  [32m[1mVITE[22m v7.3.3[39m  [2mready in [0m[1m758[22m[2m[0m ms[22m

  [32m➜[39m  [1mLocal[22m:   [36mhttp://localhost:[1m5173[22m/[39m
  [32m➜[39m  [1mNetwork[22m: [36mhttp://192.168.0.8:[1m5173[22m/[39m
[2m10:50:38 p.m.[22m [36m[1m[vite][22m[39m [90m[2m(client)[22m[39m [32mpage reload [39m[2mfrontend/src/main.js[22m
[2m10:54:50 p.m.[22m [36m[1m[vite][22m[39m [90m[2m(client)[22m[39m [32mhmr update [39m[2m/frontend/views/public/paginainicial/index.vue[22m
[2m10:55:58 p.m.[22m [36m[1m[vite][22m[39m [90m[2m(client)[22m[39m [32mhmr update [39m[2m/frontend/views/admin/estadisticas/index.vue[22m
[2m10:55:58 p.m.[22m [36m[1m[vite][22m[39m [90m[2m(client)[22m[39m [32mhmr update [39m[2m/frontend/views/admin/gestionusuarios/index.vue[22m
[2m10:55:58 p.m.[22m [36m[1m[vite][22m[39m [90m[2m(client)[22m[39m [32mhmr update [39m[2m/frontend/views/admin/moderacion/index.vue[22m
[2m10:58:53 p.m.[22m [36m[1m[vite][22m[39m [90m[2m(client)[22m[39m [32mhmr update [39m[2m/frontend/views/public/paginainicial/index.vue, /frontend/views/admin/estadisticas/index.vue, /frontend/views/admin/gestionempresas/index.vue, /frontend/views/admin/gestionusuarios/index.vue, /frontend/views/admin/gestionvacantes/index.vue, /frontend/views/admin/moderacion/index.vue, /frontend/views/admin/principal/index.vue, /frontend/views/empresa/detallepostulacion/index.vue, /frontend/views/empresa/foro/index.vue, /frontend/views/empresa/misvacantes/index.vue, /frontend/views/empresa/notificaciones/index.vue, /frontend/views/empresa/perfil/index.vue, /frontend/views/empresa/postulaciones/index.vue, /frontend/views/empresa/principal/index.vue, /frontend/views/empresa/publicarvacante/index.vue, /frontend/views/public/login/index.vue[22m
[2m11:06:37 p.m.[22m [36m[1m[vite][22m[39m [90m[2m(client)[22m[39m [32mpage reload [39m[2mfrontend/index.html[22m
[2m11:06:47 p.m.[22m [36m[1m[vite][22m[39m [90m[2m(client)[22m[39m [32mhmr update [39m[2m/frontend/views/public/paginainicial/index.vue, /frontend/views/admin/estadisticas/index.vue, /frontend/views/admin/gestionempresas/index.vue, /frontend/views/admin/gestionusuarios/index.vue, /frontend/views/admin/gestionvacantes/index.vue, /frontend/views/admin/moderacion/index.vue, /frontend/views/admin/principal/index.vue, /frontend/views/empresa/detallepostulacion/index.vue, /frontend/views/empresa/foro/index.vue, /frontend/views/empresa/misvacantes/index.vue, /frontend/views/empresa/notificaciones/index.vue, /frontend/views/empresa/perfil/index.vue, /frontend/views/empresa/postulaciones/index.vue, /frontend/views/empresa/principal/index.vue, /frontend/views/empresa/publicarvacante/index.vue, /frontend/views/public/login/index.vue[22m
[2m11:07:10 p.m.[22m [36m[1m[vite][22m[39m [90m[2m(client)[22m[39m [32mhmr update [39m[2m/frontend/views/public/paginainicial/index.vue, /frontend/views/admin/estadisticas/index.vue, /frontend/views/admin/gestionempresas/index.vue, /frontend/views/admin/gestionusuarios/index.vue, /frontend/views/admin/gestionvacantes/index.vue, /frontend/views/admin/moderacion/index.vue, /frontend/views/admin/principal/index.vue, /frontend/views/empresa/detallepostulacion/index.vue, /frontend/views/empresa/foro/index.vue, /frontend/views/empresa/misvacantes/index.vue, /frontend/views/empresa/notificaciones/index.vue, /frontend/views/empresa/perfil/index.vue, /frontend/views/empresa/postulaciones/index.vue, /frontend/views/empresa/principal/index.vue, /frontend/views/empresa/publicarvacante/index.vue, /frontend/views/public/login/index.vue[22m
[2m11:07:14 p.m.[22m [36m[1m[vite][22m[39m [90m[2m(client)[22m[39m [32mpage reload [39m[2mfrontend/src/main.js[22m
[2m11:07:22 p.m.[22m [36m[1m[vite][22m[39m [90m[2m(client)[22m[39m [32mpage reload [39m[2mfrontend/src/main.js[22m
[2m11:07:35 p.m.[22m [36m[1m[vite][22m[39m [90m[2m(client)[22m[39m [32mhmr update [39m[2m/frontend/views/public/login/index.vue, /frontend/views/public/login/index.vue?vue&type=style&index=0&lang.css[22m
[2m11:07:39 p.m.[22m [36m[1m[vite][22m[39m [90m[2m(client)[22m[39m [32mhmr update [39m[2m/frontend/views/public/login/index.vue[22m
[2m11:07:42 p.m.[22m [36m[1m[vite][22m[39m [90m[2m(client)[22m[39m [32mhmr update [39m[2m/frontend/views/public/login/index.vue[22m
[2m11:07:46 p.m.[22m [36m[1m[vite][22m[39m [90m[2m(client)[22m[39m [32mhmr update [39m[2m/frontend/views/public/login/index.vue[22m
[2m11:08:03 p.m.[22m [36m[1m[vite][22m[39m [90m[2m(client)[22m[39m [32mhmr update [39m[2m/frontend/views/admin/estadisticas/index.vue, /frontend/views/admin/estadisticas/index.vue?vue&type=style&index=0&lang.css[22m
[2m11:08:07 p.m.[22m [36m[1m[vite][22m[39m [90m[2m(client)[22m[39m [32mhmr update [39m[2m/frontend/views/admin/estadisticas/index.vue[22m
[2m11:10:07 p.m.[22m [36m[1m[vite][22m[39m [90m[2m(client)[22m[39m [32mhmr update [39m[2m/frontend/views/empresa/postulaciones/index.vue, /frontend/views/empresa/postulaciones/index.vue?vue&type=style&index=0&lang.css[22m
[2m11:10:11 p.m.[22m [36m[1m[vite][22m[39m [90m[2m(client)[22m[39m [32mhmr update [39m[2m/frontend/views/empresa/postulaciones/index.vue[22m
[2m11:14:00 p.m.[22m [36m[1m[vite][22m[39m [90m[2m(client)[22m[39m [32mpage reload [39m[2mfrontend/src/main.js[22m
[2m11:14:17 p.m.[22m [36m[1m[vite][22m[39m [90m[2m(client)[22m[39m [32mhmr update [39m[2m/frontend/views/public/login/index.vue[22m
[2m11:14:22 p.m.[22m [36m[1m[vite][22m[39m [90m[2m(client)[22m[39m [32mhmr update [39m[2m/frontend/views/public/login/index.vue[22m
[2m11:14:27 p.m.[22m [36m[1m[vite][22m[39m [90m[2m(client)[22m[39m [32mhmr update [39m[2m/frontend/views/public/login/index.vue[22m
[2m11:14:31 p.m.[22m [36m[1m[vite][22m[39m [90m[2m(client)[22m[39m [32mhmr update [39m[2m/frontend/views/public/login/index.vue[22m
[2m11:14:42 p.m.[22m [36m[1m[vite][22m[39m [90m[2m(client)[22m[39m [32mhmr update [39m[2m/frontend/views/public/login/index.vue[22m
[2m11:14:47 p.m.[22m [36m[1m[vite][22m[39m [90m[2m(client)[22m[39m [32mhmr update [39m[2m/frontend/views/public/login/index.vue[22m
[2m11:14:53 p.m.[22m [36m[1m[vite][22m[39m [90m[2m(client)[22m[39m [32mhmr update [39m[2m/frontend/views/admin/estadisticas/index.vue[22m
[2m11:14:58 p.m.[22m [36m[1m[vite][22m[39m [90m[2m(client)[22m[39m [32mhmr update [39m[2m/frontend/views/admin/estadisticas/index.vue[22m
[2m11:19:52 p.m.[22m [36m[1m[vite][22m[39m [90m[2m(client)[22m[39m [32mpage reload [39m[2mfrontend/src/main.js[22m
[2m11:23:06 p.m.[22m [36m[1m[vite][22m[39m [90m[2m(client)[22m[39m [32mpage reload [39m[2mfrontend/assets/js/shared/config.js[22m
[2m11:23:13 p.m.[22m [36m[1m[vite][22m[39m [90m[2m(client)[22m[39m [32mpage reload [39m[2mfrontend/assets/js/shared/config.js[22m
[2m11:24:28 p.m.[22m [36m[1m[vite][22m[39m [90m[2m(client)[22m[39m [32mhmr update [39m[2m/frontend/views/public/registro/index.vue[22m
[2m11:25:09 p.m.[22m [36m[1m[vite][22m[39m [90m[2m(client)[22m[39m [32mhmr update [39m[2m/frontend/views/empresa/principal/index.vue[22m
[2m11:25:10 p.m.[22m [36m[1m[vite][22m[39m [90m[2m(client)[22m[39m [32mhmr update [39m[2m/frontend/views/empresa/publicarvacante/index.vue[22m
[2m11:25:21 p.m.[22m [36m[1m[vite][22m[39m [90m[2m(client)[22m[39m [32mhmr update [39m[2m/frontend/views/admin/gestionusuarios/index.vue[22m
[2m11:25:22 p.m.[22m [36m[1m[vite][22m[39m [90m[2m(client)[22m[39m [32mhmr update [39m[2m/frontend/views/admin/gestionvacantes/index.vue[22m
[2m11:25:22 p.m.[22m [36m[1m[vite][22m[39m [90m[2m(client)[22m[39m [32mhmr update [39m[2m/frontend/views/admin/gestionempresas/index.vue[22m
[2m11:25:22 p.m.[22m [36m[1m[vite][22m[39m [90m[2m(client)[22m[39m [32mhmr update [39m[2m/frontend/views/admin/moderacion/index.vue[22m
[2m11:25:22 p.m.[22m [36m[1m[vite][22m[39m [90m[2m(client)[22m[39m [32mhmr update [39m[2m/frontend/views/admin/principal/index.vue[22m
[2m11:25:33 p.m.[22m [36m[1m[vite][22m[39m [90m[2m(client)[22m[39m [32mhmr update [39m[2m/frontend/views/admin/estadisticas/index.vue, /frontend/views/admin/gestionempresas/index.vue, /frontend/views/admin/gestionusuarios/index.vue, /frontend/views/admin/gestionvacantes/index.vue, /frontend/views/admin/moderacion/index.vue, /frontend/views/admin/principal/index.vue, /frontend/views/empresa/detallepostulacion/index.vue, /frontend/views/empresa/foro/index.vue, /frontend/views/empresa/misvacantes/index.vue, /frontend/views/empresa/notificaciones/index.vue, /frontend/views/empresa/perfil/index.vue, /frontend/views/empresa/postulaciones/index.vue, /frontend/views/empresa/principal/index.vue, /frontend/views/empresa/publicarvacante/index.vue[22m
[2m11:25:48 p.m.[22m [36m[1m[vite][22m[39m [90m[2m(client)[22m[39m [32mhmr update [39m[2m/frontend/views/admin/estadisticas/index.vue[22m
[2m11:26:15 p.m.[22m [36m[1m[vite][22m[39m [90m[2m(client)[22m[39m [32mpage reload [39m[2mfrontend/assets/js/shared/config.js[22m
